[2024-08-25T13:28:29.972+0000] {local_task_job_runner.py:123} INFO - ::group::Pre task execution logs
[2024-08-25T13:28:29.997+0000] {taskinstance.py:2603} INFO - Dependencies all met for dep_context=non-requeueable deps ti=<TaskInstance: extract_and_transform_dag.run_spark_job manual__2024-08-25T13:23:24.707067+00:00 [queued]>
[2024-08-25T13:28:30.010+0000] {taskinstance.py:2603} INFO - Dependencies all met for dep_context=requeueable deps ti=<TaskInstance: extract_and_transform_dag.run_spark_job manual__2024-08-25T13:23:24.707067+00:00 [queued]>
[2024-08-25T13:28:30.011+0000] {taskinstance.py:2856} INFO - Starting attempt 2 of 2
[2024-08-25T13:28:30.039+0000] {taskinstance.py:2879} INFO - Executing <Task(SparkSubmitOperator): run_spark_job> on 2024-08-25 13:23:24.707067+00:00
[2024-08-25T13:28:30.052+0000] {logging_mixin.py:190} WARNING - /home/***/.local/lib/python3.12/site-packages/***/task/task_runner/standard_task_runner.py:70 DeprecationWarning: This process (pid=2211) is multi-threaded, use of fork() may lead to deadlocks in the child.
[2024-08-25T13:28:30.054+0000] {standard_task_runner.py:72} INFO - Started process 2212 to run task
[2024-08-25T13:28:30.053+0000] {standard_task_runner.py:104} INFO - Running: ['***', 'tasks', 'run', 'extract_and_transform_dag', 'run_spark_job', 'manual__2024-08-25T13:23:24.707067+00:00', '--job-id', '92', '--raw', '--subdir', 'DAGS_FOLDER/test.py', '--cfg-path', '/tmp/tmpqx6pgnu6']
[2024-08-25T13:28:30.059+0000] {standard_task_runner.py:105} INFO - Job 92: Subtask run_spark_job
[2024-08-25T13:28:30.136+0000] {task_command.py:467} INFO - Running <TaskInstance: extract_and_transform_dag.run_spark_job manual__2024-08-25T13:23:24.707067+00:00 [running]> on host dcedb42d949a
[2024-08-25T13:28:30.278+0000] {taskinstance.py:3122} INFO - Exporting env vars: AIRFLOW_CTX_DAG_OWNER='***' AIRFLOW_CTX_DAG_ID='extract_and_transform_dag' AIRFLOW_CTX_TASK_ID='run_spark_job' AIRFLOW_CTX_EXECUTION_DATE='2024-08-25T13:23:24.707067+00:00' AIRFLOW_CTX_TRY_NUMBER='2' AIRFLOW_CTX_DAG_RUN_ID='manual__2024-08-25T13:23:24.707067+00:00'
[2024-08-25T13:28:30.279+0000] {taskinstance.py:731} INFO - ::endgroup::
[2024-08-25T13:28:30.310+0000] {base.py:84} INFO - Retrieving connection 'SPARK-PROJECT'
[2024-08-25T13:28:30.311+0000] {spark_submit.py:403} INFO - Spark-Submit cmd: spark-submit --master 172.18.0.3:7077 --name spark_transform_job --deploy-mode client /app/transform.py
[2024-08-25T13:28:30.370+0000] {spark_submit.py:579} INFO - /home/***/.local/lib/python3.12/site-packages/pyspark/bin/load-spark-env.sh: line 68: ps: command not found
[2024-08-25T13:28:30.372+0000] {spark_submit.py:579} INFO - JAVA_HOME is not set
[2024-08-25T13:28:30.395+0000] {taskinstance.py:3301} ERROR - Task failed with exception
Traceback (most recent call last):
  File "/home/airflow/.local/lib/python3.12/site-packages/airflow/models/taskinstance.py", line 767, in _execute_task
    result = _execute_callable(context=context, **execute_callable_kwargs)
             ^^^^^^^^^^^^^^^^^^^^^^^^^^^^^^^^^^^^^^^^^^^^^^^^^^^^^^^^^^^^^
  File "/home/airflow/.local/lib/python3.12/site-packages/airflow/models/taskinstance.py", line 733, in _execute_callable
    return ExecutionCallableRunner(
           ^^^^^^^^^^^^^^^^^^^^^^^^
  File "/home/airflow/.local/lib/python3.12/site-packages/airflow/utils/operator_helpers.py", line 252, in run
    return self.func(*args, **kwargs)
           ^^^^^^^^^^^^^^^^^^^^^^^^^^
  File "/home/airflow/.local/lib/python3.12/site-packages/airflow/models/baseoperator.py", line 406, in wrapper
    return func(self, *args, **kwargs)
           ^^^^^^^^^^^^^^^^^^^^^^^^^^^
  File "/home/airflow/.local/lib/python3.12/site-packages/airflow/providers/apache/spark/operators/spark_submit.py", line 174, in execute
    self._hook.submit(self.application)
  File "/home/airflow/.local/lib/python3.12/site-packages/airflow/providers/apache/spark/hooks/spark_submit.py", line 505, in submit
    raise AirflowException(
airflow.exceptions.AirflowException: Cannot execute: spark-submit --master 172.18.0.3:7077 --name spark_transform_job --deploy-mode client /app/transform.py. Error code is: 1.
[2024-08-25T13:28:30.400+0000] {taskinstance.py:1225} INFO - Marking task as FAILED. dag_id=extract_and_transform_dag, task_id=run_spark_job, run_id=manual__2024-08-25T13:23:24.707067+00:00, execution_date=20240825T132324, start_date=20240825T132829, end_date=20240825T132830
[2024-08-25T13:28:30.425+0000] {taskinstance.py:340} INFO - ::group::Post task execution logs
[2024-08-25T13:28:30.427+0000] {standard_task_runner.py:124} ERROR - Failed to execute job 92 for task run_spark_job (Cannot execute: spark-submit --master 172.18.0.3:7077 --name spark_transform_job --deploy-mode client /app/transform.py. Error code is: 1.; 2212)
Traceback (most recent call last):
  File "/home/airflow/.local/lib/python3.12/site-packages/airflow/task/task_runner/standard_task_runner.py", line 117, in _start_by_fork
    ret = args.func(args, dag=self.dag)
          ^^^^^^^^^^^^^^^^^^^^^^^^^^^^^
  File "/home/airflow/.local/lib/python3.12/site-packages/airflow/cli/cli_config.py", line 49, in command
    return func(*args, **kwargs)
           ^^^^^^^^^^^^^^^^^^^^^
  File "/home/airflow/.local/lib/python3.12/site-packages/airflow/utils/cli.py", line 115, in wrapper
    return f(*args, **kwargs)
           ^^^^^^^^^^^^^^^^^^
  File "/home/airflow/.local/lib/python3.12/site-packages/airflow/cli/commands/task_command.py", line 483, in task_run
    task_return_code = _run_task_by_selected_method(args, _dag, ti)
                       ^^^^^^^^^^^^^^^^^^^^^^^^^^^^^^^^^^^^^^^^^^^^
  File "/home/airflow/.local/lib/python3.12/site-packages/airflow/cli/commands/task_command.py", line 256, in _run_task_by_selected_method
    return _run_raw_task(args, ti)
           ^^^^^^^^^^^^^^^^^^^^^^^
  File "/home/airflow/.local/lib/python3.12/site-packages/airflow/cli/commands/task_command.py", line 341, in _run_raw_task
    return ti._run_raw_task(
           ^^^^^^^^^^^^^^^^^
  File "/home/airflow/.local/lib/python3.12/site-packages/airflow/utils/session.py", line 97, in wrapper
    return func(*args, session=session, **kwargs)
           ^^^^^^^^^^^^^^^^^^^^^^^^^^^^^^^^^^^^^^
  File "/home/airflow/.local/lib/python3.12/site-packages/airflow/models/taskinstance.py", line 2995, in _run_raw_task
    return _run_raw_task(
           ^^^^^^^^^^^^^^
  File "/home/airflow/.local/lib/python3.12/site-packages/airflow/models/taskinstance.py", line 273, in _run_raw_task
    TaskInstance._execute_task_with_callbacks(
  File "/home/airflow/.local/lib/python3.12/site-packages/airflow/models/taskinstance.py", line 3149, in _execute_task_with_callbacks
    result = self._execute_task(context, task_orig)
             ^^^^^^^^^^^^^^^^^^^^^^^^^^^^^^^^^^^^^^
  File "/home/airflow/.local/lib/python3.12/site-packages/airflow/models/taskinstance.py", line 3173, in _execute_task
    return _execute_task(self, context, task_orig)
           ^^^^^^^^^^^^^^^^^^^^^^^^^^^^^^^^^^^^^^^
  File "/home/airflow/.local/lib/python3.12/site-packages/airflow/models/taskinstance.py", line 767, in _execute_task
    result = _execute_callable(context=context, **execute_callable_kwargs)
             ^^^^^^^^^^^^^^^^^^^^^^^^^^^^^^^^^^^^^^^^^^^^^^^^^^^^^^^^^^^^^
  File "/home/airflow/.local/lib/python3.12/site-packages/airflow/models/taskinstance.py", line 733, in _execute_callable
    return ExecutionCallableRunner(
           ^^^^^^^^^^^^^^^^^^^^^^^^
  File "/home/airflow/.local/lib/python3.12/site-packages/airflow/utils/operator_helpers.py", line 252, in run
    return self.func(*args, **kwargs)
           ^^^^^^^^^^^^^^^^^^^^^^^^^^
  File "/home/airflow/.local/lib/python3.12/site-packages/airflow/models/baseoperator.py", line 406, in wrapper
    return func(self, *args, **kwargs)
           ^^^^^^^^^^^^^^^^^^^^^^^^^^^
  File "/home/airflow/.local/lib/python3.12/site-packages/airflow/providers/apache/spark/operators/spark_submit.py", line 174, in execute
    self._hook.submit(self.application)
  File "/home/airflow/.local/lib/python3.12/site-packages/airflow/providers/apache/spark/hooks/spark_submit.py", line 505, in submit
    raise AirflowException(
airflow.exceptions.AirflowException: Cannot execute: spark-submit --master 172.18.0.3:7077 --name spark_transform_job --deploy-mode client /app/transform.py. Error code is: 1.
[2024-08-25T13:28:30.447+0000] {local_task_job_runner.py:261} INFO - Task exited with return code 1
[2024-08-25T13:28:30.478+0000] {taskinstance.py:3891} INFO - 0 downstream tasks scheduled from follow-on schedule check
[2024-08-25T13:28:30.481+0000] {local_task_job_runner.py:240} INFO - ::endgroup::
